<?xml version="1.0" encoding="UTF-8"?>
<testsuite name="MusicAdvisorTest" tests="1" skipped="0" failures="1" errors="0" timestamp="2021-07-05T09:39:53" hostname="MSI" time="11.06">
  <properties/>
  <testcase name="start" classname="MusicAdvisorTest" time="11.06">
    <failure message="java.lang.AssertionError: Wrong answer in test #2&#10;&#10;Something wrong with showing categories and pages&#10;&#10;Please find below the output of your program during this failed test.&#10;Note that the '&gt;' character indicates the beginning of the input line.&#10;&#10;---&#10;&#10;Arguments: -access http://127.0.0.1:45678 -resource http://127.0.0.1:56789 -page 1&#10;&#10;&gt; auth&#10;use this link to request the access code:&#10;http://127.0.0.1:45678/authorize?client_id=eda2fc1315e64971a484eb1f8ff1801a&amp;redirect_uri=http://localhost:8080&amp;response_type=code&#10;waiting for code...&#10;Tester: making requests to redirect uri: http://localhost:8080&#10;Tester: done request 1: Authorization code not found. Try again.&#10;Tester: done request 2: Authorization code not found. Try again.&#10;code received&#10;Tester: done request 3: Got the code. Return back to your program.&#10;Making http request for access_token...&#10;Success!&#10;&gt; categories&#10;jsonObject {&quot;categories&quot;:{&quot;href&quot;:&quot;https://api.spotify.com/v1/browse/categories?offset=0&amp;limit=20&quot;,&quot;items&quot;:[{&quot;href&quot;:&quot;https://api.spotify.com/v1/browse/categories/toplists&quot;,&quot;icons&quot;:[{&quot;height&quot;:275,&quot;url&quot;:&quot;https://datsnxq1rwndn.cloudfront.net/media/derived/toplists_11160599e6a04ac5d6f2757f5511778f_0_0_275_275.jpg&quot;,&quot;width&quot;:275}],&quot;id&quot;:&quot;toplists&quot;,&quot;name&quot;:&quot;Top Lists&quot;},{&quot;href&quot;:&quot;https://api.spotify.com/v1/browse/categories/mood&quot;,&quot;icons&quot;:[{&quot;height&quot;:274,&quot;url&quot;:&quot;https://datsnxq1rwndn.cloudfront.net/media/original/mood-274x274_976986a31ac8c49794cbdc7246fd5ad7_274x274.jpg&quot;,&quot;width&quot;:274}],&quot;id&quot;:&quot;mood&quot;,&quot;name&quot;:&quot;Super Mood&quot;},{&quot;href&quot;:&quot;https://api.spotify.com/v1/browse/categories/party&quot;,&quot;icons&quot;:[{&quot;height&quot;:274,&quot;url&quot;:&quot;https://datsnxq1rwndn.cloudfront.net/media/derived/party-274x274_73d1907a7371c3bb96a288390a96ee27_0_0_274_274.jpg&quot;,&quot;width&quot;:274}],&quot;id&quot;:&quot;party&quot;,&quot;name&quot;:&quot;Party Time&quot;}],&quot;limit&quot;:20,&quot;next&quot;:null,&quot;offset&quot;:0,&quot;previous&quot;:null,&quot;total&quot;:3}}&#10;Top Lists&#10;Super Mood&#10;Party Time&#10;---PAGE 1 OF 3---" type="java.lang.AssertionError">java.lang.AssertionError: Wrong answer in test #2

Something wrong with showing categories and pages

Please find below the output of your program during this failed test.
Note that the '&gt;' character indicates the beginning of the input line.

---

Arguments: -access http://127.0.0.1:45678 -resource http://127.0.0.1:56789 -page 1

&gt; auth
use this link to request the access code:
http://127.0.0.1:45678/authorize?client_id=eda2fc1315e64971a484eb1f8ff1801a&amp;redirect_uri=http://localhost:8080&amp;response_type=code
waiting for code...
Tester: making requests to redirect uri: http://localhost:8080
Tester: done request 1: Authorization code not found. Try again.
Tester: done request 2: Authorization code not found. Try again.
code received
Tester: done request 3: Got the code. Return back to your program.
Making http request for access_token...
Success!
&gt; categories
jsonObject {&quot;categories&quot;:{&quot;href&quot;:&quot;https://api.spotify.com/v1/browse/categories?offset=0&amp;limit=20&quot;,&quot;items&quot;:[{&quot;href&quot;:&quot;https://api.spotify.com/v1/browse/categories/toplists&quot;,&quot;icons&quot;:[{&quot;height&quot;:275,&quot;url&quot;:&quot;https://datsnxq1rwndn.cloudfront.net/media/derived/toplists_11160599e6a04ac5d6f2757f5511778f_0_0_275_275.jpg&quot;,&quot;width&quot;:275}],&quot;id&quot;:&quot;toplists&quot;,&quot;name&quot;:&quot;Top Lists&quot;},{&quot;href&quot;:&quot;https://api.spotify.com/v1/browse/categories/mood&quot;,&quot;icons&quot;:[{&quot;height&quot;:274,&quot;url&quot;:&quot;https://datsnxq1rwndn.cloudfront.net/media/original/mood-274x274_976986a31ac8c49794cbdc7246fd5ad7_274x274.jpg&quot;,&quot;width&quot;:274}],&quot;id&quot;:&quot;mood&quot;,&quot;name&quot;:&quot;Super Mood&quot;},{&quot;href&quot;:&quot;https://api.spotify.com/v1/browse/categories/party&quot;,&quot;icons&quot;:[{&quot;height&quot;:274,&quot;url&quot;:&quot;https://datsnxq1rwndn.cloudfront.net/media/derived/party-274x274_73d1907a7371c3bb96a288390a96ee27_0_0_274_274.jpg&quot;,&quot;width&quot;:274}],&quot;id&quot;:&quot;party&quot;,&quot;name&quot;:&quot;Party Time&quot;}],&quot;limit&quot;:20,&quot;next&quot;:null,&quot;offset&quot;:0,&quot;previous&quot;:null,&quot;total&quot;:3}}
Top Lists
Super Mood
Party Time
---PAGE 1 OF 3---
	at org.junit.Assert.fail(Assert.java:88)
	at org.hyperskill.hstest.stage.StageTest.start(StageTest.java:141)
	at java.base/jdk.internal.reflect.NativeMethodAccessorImpl.invoke0(Native Method)
	at java.base/jdk.internal.reflect.NativeMethodAccessorImpl.invoke(NativeMethodAccessorImpl.java:62)
	at java.base/jdk.internal.reflect.DelegatingMethodAccessorImpl.invoke(DelegatingMethodAccessorImpl.java:43)
	at java.base/java.lang.reflect.Method.invoke(Method.java:566)
	at org.junit.runners.model.FrameworkMethod$1.runReflectiveCall(FrameworkMethod.java:50)
	at org.junit.internal.runners.model.ReflectiveCallable.run(ReflectiveCallable.java:12)
	at org.junit.runners.model.FrameworkMethod.invokeExplosively(FrameworkMethod.java:47)
	at org.junit.internal.runners.statements.InvokeMethod.evaluate(InvokeMethod.java:17)
	at org.junit.runners.ParentRunner.runLeaf(ParentRunner.java:325)
	at org.junit.runners.BlockJUnit4ClassRunner.runChild(BlockJUnit4ClassRunner.java:78)
	at org.junit.runners.BlockJUnit4ClassRunner.runChild(BlockJUnit4ClassRunner.java:57)
	at org.junit.runners.ParentRunner$3.run(ParentRunner.java:290)
	at org.junit.runners.ParentRunner$1.schedule(ParentRunner.java:71)
	at org.junit.runners.ParentRunner.runChildren(ParentRunner.java:288)
	at org.junit.runners.ParentRunner.access$000(ParentRunner.java:58)
	at org.junit.runners.ParentRunner$2.evaluate(ParentRunner.java:268)
	at org.junit.internal.runners.statements.RunAfters.evaluate(RunAfters.java:27)
	at org.junit.runners.ParentRunner.run(ParentRunner.java:363)
	at org.gradle.api.internal.tasks.testing.junit.JUnitTestClassExecutor.runTestClass(JUnitTestClassExecutor.java:110)
	at org.gradle.api.internal.tasks.testing.junit.JUnitTestClassExecutor.execute(JUnitTestClassExecutor.java:58)
	at org.gradle.api.internal.tasks.testing.junit.JUnitTestClassExecutor.execute(JUnitTestClassExecutor.java:38)
	at org.gradle.api.internal.tasks.testing.junit.AbstractJUnitTestClassProcessor.processTestClass(AbstractJUnitTestClassProcessor.java:62)
	at org.gradle.api.internal.tasks.testing.SuiteTestClassProcessor.processTestClass(SuiteTestClassProcessor.java:51)
	at java.base/jdk.internal.reflect.NativeMethodAccessorImpl.invoke0(Native Method)
	at java.base/jdk.internal.reflect.NativeMethodAccessorImpl.invoke(NativeMethodAccessorImpl.java:62)
	at java.base/jdk.internal.reflect.DelegatingMethodAccessorImpl.invoke(DelegatingMethodAccessorImpl.java:43)
	at java.base/java.lang.reflect.Method.invoke(Method.java:566)
	at org.gradle.internal.dispatch.ReflectionDispatch.dispatch(ReflectionDispatch.java:36)
	at org.gradle.internal.dispatch.ReflectionDispatch.dispatch(ReflectionDispatch.java:24)
	at org.gradle.internal.dispatch.ContextClassLoaderDispatch.dispatch(ContextClassLoaderDispatch.java:33)
	at org.gradle.internal.dispatch.ProxyDispatchAdapter$DispatchingInvocationHandler.invoke(ProxyDispatchAdapter.java:94)
	at com.sun.proxy.$Proxy2.processTestClass(Unknown Source)
	at org.gradle.api.internal.tasks.testing.worker.TestWorker.processTestClass(TestWorker.java:119)
	at java.base/jdk.internal.reflect.NativeMethodAccessorImpl.invoke0(Native Method)
	at java.base/jdk.internal.reflect.NativeMethodAccessorImpl.invoke(NativeMethodAccessorImpl.java:62)
	at java.base/jdk.internal.reflect.DelegatingMethodAccessorImpl.invoke(DelegatingMethodAccessorImpl.java:43)
	at java.base/java.lang.reflect.Method.invoke(Method.java:566)
	at org.gradle.internal.dispatch.ReflectionDispatch.dispatch(ReflectionDispatch.java:36)
	at org.gradle.internal.dispatch.ReflectionDispatch.dispatch(ReflectionDispatch.java:24)
	at org.gradle.internal.remote.internal.hub.MessageHubBackedObjectConnection$DispatchWrapper.dispatch(MessageHubBackedObjectConnection.java:182)
	at org.gradle.internal.remote.internal.hub.MessageHubBackedObjectConnection$DispatchWrapper.dispatch(MessageHubBackedObjectConnection.java:164)
	at org.gradle.internal.remote.internal.hub.MessageHub$Handler.run(MessageHub.java:414)
	at org.gradle.internal.concurrent.ExecutorPolicy$CatchAndRecordFailures.onExecute(ExecutorPolicy.java:64)
	at org.gradle.internal.concurrent.ManagedExecutorImpl$1.run(ManagedExecutorImpl.java:48)
	at java.base/java.util.concurrent.ThreadPoolExecutor.runWorker(ThreadPoolExecutor.java:1128)
	at java.base/java.util.concurrent.ThreadPoolExecutor$Worker.run(ThreadPoolExecutor.java:628)
	at org.gradle.internal.concurrent.ThreadFactoryImpl$ManagedThreadRunnable.run(ThreadFactoryImpl.java:56)
	at java.base/java.lang.Thread.run(Thread.java:829)
</failure>
  </testcase>
  <system-out><![CDATA[?[1;31m
Start test 1?[0m
> auth
use this link to request the access code:
http://127.0.0.1:45678/authorize?client_id=eda2fc1315e64971a484eb1f8ff1801a&redirect_uri=http://localhost:8080&response_type=code
waiting for code...
Tester: making requests to redirect uri: http://localhost:8080
Tester: done request 1: Authorization code not found. Try again.
Tester: done request 2: Authorization code not found. Try again.
code received
Tester: done request 3: Got the code. Return back to your program.
Making http request for access_token...
Success!
> exit
?[1;31m
Start test 2?[0m
> auth
use this link to request the access code:
http://127.0.0.1:45678/authorize?client_id=eda2fc1315e64971a484eb1f8ff1801a&redirect_uri=http://localhost:8080&response_type=code
waiting for code...
Tester: making requests to redirect uri: http://localhost:8080
Tester: done request 1: Authorization code not found. Try again.
Tester: done request 2: Authorization code not found. Try again.
code received
Tester: done request 3: Got the code. Return back to your program.
Making http request for access_token...
Success!
> categories
jsonObject {"categories":{"href":"https://api.spotify.com/v1/browse/categories?offset=0&limit=20","items":[{"href":"https://api.spotify.com/v1/browse/categories/toplists","icons":[{"height":275,"url":"https://datsnxq1rwndn.cloudfront.net/media/derived/toplists_11160599e6a04ac5d6f2757f5511778f_0_0_275_275.jpg","width":275}],"id":"toplists","name":"Top Lists"},{"href":"https://api.spotify.com/v1/browse/categories/mood","icons":[{"height":274,"url":"https://datsnxq1rwndn.cloudfront.net/media/original/mood-274x274_976986a31ac8c49794cbdc7246fd5ad7_274x274.jpg","width":274}],"id":"mood","name":"Super Mood"},{"href":"https://api.spotify.com/v1/browse/categories/party","icons":[{"height":274,"url":"https://datsnxq1rwndn.cloudfront.net/media/derived/party-274x274_73d1907a7371c3bb96a288390a96ee27_0_0_274_274.jpg","width":274}],"id":"party","name":"Party Time"}],"limit":20,"next":null,"offset":0,"previous":null,"total":3}}
Top Lists
Super Mood
Party Time
---PAGE 1 OF 3---
]]></system-out>
  <system-err><![CDATA[]]></system-err>
</testsuite>
